23:34:56.078 [main] DEBUG org.apache.poi.openxml4j.opc.PackageRelationshipCollection - Parsing relationship: /xl/_rels/workbook.xml.rels
23:34:56.088 [main] DEBUG org.apache.poi.openxml4j.opc.PackageRelationshipCollection - Parsing relationship: /xl/worksheets/_rels/sheet1.xml.rels
23:34:56.090 [main] DEBUG org.apache.poi.openxml4j.opc.PackageRelationshipCollection - Parsing relationship: /_rels/.rels
23:34:56.104 [main] DEBUG org.apache.poi.ooxml.POIXMLFactory - using default POIXMLDocumentPart for http://schemas.openxmlformats.org/officeDocument/2006/relationships/printerSettings
23:34:56.122 [main] DEBUG org.apache.poi.openxml4j.opc.PackageRelationshipCollection - Parsing relationship: /xl/_rels/workbook.xml.rels
23:34:56.124 [main] DEBUG org.apache.poi.openxml4j.opc.PackageRelationshipCollection - Parsing relationship: /xl/worksheets/_rels/sheet1.xml.rels
23:34:56.125 [main] DEBUG org.apache.poi.openxml4j.opc.PackageRelationshipCollection - Parsing relationship: /_rels/.rels
23:34:56.138 [main] DEBUG org.apache.poi.ooxml.POIXMLFactory - using default POIXMLDocumentPart for http://schemas.openxmlformats.org/officeDocument/2006/relationships/printerSettings
23:34:56.154 [main] DEBUG org.apache.poi.openxml4j.opc.PackageRelationshipCollection - Parsing relationship: /xl/_rels/workbook.xml.rels
23:34:56.155 [main] DEBUG org.apache.poi.openxml4j.opc.PackageRelationshipCollection - Parsing relationship: /xl/worksheets/_rels/sheet1.xml.rels
23:34:56.157 [main] DEBUG org.apache.poi.openxml4j.opc.PackageRelationshipCollection - Parsing relationship: /_rels/.rels
23:34:56.173 [main] DEBUG org.apache.poi.ooxml.POIXMLFactory - using default POIXMLDocumentPart for http://schemas.openxmlformats.org/officeDocument/2006/relationships/printerSettings
23:34:56.194 [main] DEBUG org.apache.poi.openxml4j.opc.PackageRelationshipCollection - Parsing relationship: /xl/_rels/workbook.xml.rels
23:34:56.195 [main] DEBUG org.apache.poi.openxml4j.opc.PackageRelationshipCollection - Parsing relationship: /xl/worksheets/_rels/sheet1.xml.rels
23:34:56.198 [main] DEBUG org.apache.poi.openxml4j.opc.PackageRelationshipCollection - Parsing relationship: /_rels/.rels
23:34:56.212 [main] DEBUG org.apache.poi.ooxml.POIXMLFactory - using default POIXMLDocumentPart for http://schemas.openxmlformats.org/officeDocument/2006/relationships/printerSettings
23:34:56.225 [main] DEBUG org.apache.poi.openxml4j.opc.PackageRelationshipCollection - Parsing relationship: /xl/_rels/workbook.xml.rels
23:34:56.226 [main] DEBUG org.apache.poi.openxml4j.opc.PackageRelationshipCollection - Parsing relationship: /xl/worksheets/_rels/sheet1.xml.rels
23:34:56.227 [main] DEBUG org.apache.poi.openxml4j.opc.PackageRelationshipCollection - Parsing relationship: /_rels/.rels
23:34:56.238 [main] DEBUG org.apache.poi.ooxml.POIXMLFactory - using default POIXMLDocumentPart for http://schemas.openxmlformats.org/officeDocument/2006/relationships/printerSettings
23:34:56.254 [main] DEBUG org.apache.poi.openxml4j.opc.PackageRelationshipCollection - Parsing relationship: /xl/_rels/workbook.xml.rels
23:34:56.254 [main] DEBUG org.apache.poi.openxml4j.opc.PackageRelationshipCollection - Parsing relationship: /xl/worksheets/_rels/sheet1.xml.rels
23:34:56.255 [main] DEBUG org.apache.poi.openxml4j.opc.PackageRelationshipCollection - Parsing relationship: /_rels/.rels
23:34:56.265 [main] DEBUG org.apache.poi.ooxml.POIXMLFactory - using default POIXMLDocumentPart for http://schemas.openxmlformats.org/officeDocument/2006/relationships/printerSettings
23:34:56.280 [main] DEBUG org.apache.poi.openxml4j.opc.PackageRelationshipCollection - Parsing relationship: /xl/_rels/workbook.xml.rels
23:34:56.281 [main] DEBUG org.apache.poi.openxml4j.opc.PackageRelationshipCollection - Parsing relationship: /xl/worksheets/_rels/sheet1.xml.rels
23:34:56.282 [main] DEBUG org.apache.poi.openxml4j.opc.PackageRelationshipCollection - Parsing relationship: /_rels/.rels
23:34:56.292 [main] DEBUG org.apache.poi.ooxml.POIXMLFactory - using default POIXMLDocumentPart for http://schemas.openxmlformats.org/officeDocument/2006/relationships/printerSettings
23:34:56.307 [main] DEBUG org.apache.poi.openxml4j.opc.PackageRelationshipCollection - Parsing relationship: /xl/_rels/workbook.xml.rels
23:34:56.309 [main] DEBUG org.apache.poi.openxml4j.opc.PackageRelationshipCollection - Parsing relationship: /xl/worksheets/_rels/sheet1.xml.rels
23:34:56.310 [main] DEBUG org.apache.poi.openxml4j.opc.PackageRelationshipCollection - Parsing relationship: /_rels/.rels
23:34:56.322 [main] DEBUG org.apache.poi.ooxml.POIXMLFactory - using default POIXMLDocumentPart for http://schemas.openxmlformats.org/officeDocument/2006/relationships/printerSettings
23:34:56.359 [main] DEBUG org.apache.poi.openxml4j.opc.PackageRelationshipCollection - Parsing relationship: /xl/_rels/workbook.xml.rels
23:34:56.363 [main] DEBUG org.apache.poi.openxml4j.opc.PackageRelationshipCollection - Parsing relationship: /xl/worksheets/_rels/sheet1.xml.rels
23:34:56.376 [main] DEBUG org.apache.poi.openxml4j.opc.PackageRelationshipCollection - Parsing relationship: /_rels/.rels
23:34:56.425 [main] DEBUG org.apache.poi.ooxml.POIXMLFactory - using default POIXMLDocumentPart for http://schemas.openxmlformats.org/officeDocument/2006/relationships/printerSettings
23:34:56.481 [main] DEBUG org.apache.poi.openxml4j.opc.PackageRelationshipCollection - Parsing relationship: /xl/_rels/workbook.xml.rels
23:34:56.483 [main] DEBUG org.apache.poi.openxml4j.opc.PackageRelationshipCollection - Parsing relationship: /xl/worksheets/_rels/sheet1.xml.rels
23:34:56.486 [main] DEBUG org.apache.poi.openxml4j.opc.PackageRelationshipCollection - Parsing relationship: /_rels/.rels
23:34:56.509 [main] DEBUG org.apache.poi.ooxml.POIXMLFactory - using default POIXMLDocumentPart for http://schemas.openxmlformats.org/officeDocument/2006/relationships/printerSettings
23:34:56.537 [main] DEBUG org.apache.poi.openxml4j.opc.PackageRelationshipCollection - Parsing relationship: /xl/_rels/workbook.xml.rels
23:34:56.539 [main] DEBUG org.apache.poi.openxml4j.opc.PackageRelationshipCollection - Parsing relationship: /xl/worksheets/_rels/sheet1.xml.rels
23:34:56.541 [main] DEBUG org.apache.poi.openxml4j.opc.PackageRelationshipCollection - Parsing relationship: /_rels/.rels
23:34:56.556 [main] DEBUG org.apache.poi.ooxml.POIXMLFactory - using default POIXMLDocumentPart for http://schemas.openxmlformats.org/officeDocument/2006/relationships/printerSettings
23:34:56.570 [main] DEBUG org.apache.poi.openxml4j.opc.PackageRelationshipCollection - Parsing relationship: /xl/_rels/workbook.xml.rels
23:34:56.571 [main] DEBUG org.apache.poi.openxml4j.opc.PackageRelationshipCollection - Parsing relationship: /xl/worksheets/_rels/sheet1.xml.rels
23:34:56.573 [main] DEBUG org.apache.poi.openxml4j.opc.PackageRelationshipCollection - Parsing relationship: /_rels/.rels
23:34:56.590 [main] DEBUG org.apache.poi.ooxml.POIXMLFactory - using default POIXMLDocumentPart for http://schemas.openxmlformats.org/officeDocument/2006/relationships/printerSettings
23:34:56.607 [main] DEBUG org.apache.poi.openxml4j.opc.PackageRelationshipCollection - Parsing relationship: /xl/_rels/workbook.xml.rels
23:34:56.608 [main] DEBUG org.apache.poi.openxml4j.opc.PackageRelationshipCollection - Parsing relationship: /xl/worksheets/_rels/sheet1.xml.rels
23:34:56.609 [main] DEBUG org.apache.poi.openxml4j.opc.PackageRelationshipCollection - Parsing relationship: /_rels/.rels
23:34:56.623 [main] DEBUG org.apache.poi.ooxml.POIXMLFactory - using default POIXMLDocumentPart for http://schemas.openxmlformats.org/officeDocument/2006/relationships/printerSettings
23:34:56.645 [main] DEBUG org.apache.poi.openxml4j.opc.PackageRelationshipCollection - Parsing relationship: /xl/_rels/workbook.xml.rels
23:34:56.647 [main] DEBUG org.apache.poi.openxml4j.opc.PackageRelationshipCollection - Parsing relationship: /xl/worksheets/_rels/sheet1.xml.rels
23:34:56.649 [main] DEBUG org.apache.poi.openxml4j.opc.PackageRelationshipCollection - Parsing relationship: /_rels/.rels
23:34:56.670 [main] DEBUG org.apache.poi.ooxml.POIXMLFactory - using default POIXMLDocumentPart for http://schemas.openxmlformats.org/officeDocument/2006/relationships/printerSettings
23:34:56.689 [main] DEBUG org.apache.poi.openxml4j.opc.PackageRelationshipCollection - Parsing relationship: /xl/_rels/workbook.xml.rels
23:34:56.690 [main] DEBUG org.apache.poi.openxml4j.opc.PackageRelationshipCollection - Parsing relationship: /xl/worksheets/_rels/sheet1.xml.rels
23:34:56.691 [main] DEBUG org.apache.poi.openxml4j.opc.PackageRelationshipCollection - Parsing relationship: /_rels/.rels
23:34:56.705 [main] DEBUG org.apache.poi.ooxml.POIXMLFactory - using default POIXMLDocumentPart for http://schemas.openxmlformats.org/officeDocument/2006/relationships/printerSettings
23:34:56.726 [main] DEBUG org.apache.poi.openxml4j.opc.PackageRelationshipCollection - Parsing relationship: /xl/_rels/workbook.xml.rels
23:34:56.727 [main] DEBUG org.apache.poi.openxml4j.opc.PackageRelationshipCollection - Parsing relationship: /xl/worksheets/_rels/sheet1.xml.rels
23:34:56.730 [main] DEBUG org.apache.poi.openxml4j.opc.PackageRelationshipCollection - Parsing relationship: /_rels/.rels
23:34:56.750 [main] DEBUG org.apache.poi.ooxml.POIXMLFactory - using default POIXMLDocumentPart for http://schemas.openxmlformats.org/officeDocument/2006/relationships/printerSettings
23:34:56.799 [main] INFO  testCases.TC_003_LoginDDT - ******Starting TC_003_LoginDDT******
23:35:02.575 [main] INFO  testCases.TC_003_LoginDDT - ******Finished TC_003_LoginDDT******
23:35:02.586 [main] INFO  testCases.TC_003_LoginDDT - ******Starting TC_003_LoginDDT******
23:35:08.089 [main] INFO  testCases.TC_003_LoginDDT - ******Finished TC_003_LoginDDT******
23:35:08.096 [main] INFO  testCases.TC_003_LoginDDT - ******Starting TC_003_LoginDDT******
23:35:12.640 [main] INFO  testCases.TC_003_LoginDDT - ******Finished TC_003_LoginDDT******
23:35:12.649 [main] INFO  testCases.TC_003_LoginDDT - ******Starting TC_003_LoginDDT******
23:35:26.647 [main] INFO  testCases.TC_003_LoginDDT - ******Finished TC_003_LoginDDT******
23:35:26.657 [main] INFO  testCases.TC_003_LoginDDT - ******Starting TC_003_LoginDDT******
23:35:31.158 [main] INFO  testCases.TC_003_LoginDDT - ******Finished TC_003_LoginDDT******
23:35:31.168 [main] INFO  testCases.TC_003_LoginDDT - ******Starting TC_003_LoginDDT******
23:35:45.111 [main] INFO  testCases.TC_003_LoginDDT - ******Finished TC_003_LoginDDT******
11:06:09.857 [main] DEBUG org.testng.TestNG - suiteXmlPath: "C:\Users\gnane\eclipse-workspace\FrameWorkDesign\Grouping.xml"
11:06:10.279 [main] INFO  org.testng.internal.Utils - [TestNG] Running:
  C:\Users\gnane\eclipse-workspace\FrameWorkDesign\Grouping.xml

11:06:15.959 [main] INFO  testCases.TC_001_AccountRegistrationTest - ***** Starting TC_001_AccountRegistrationTest *****
11:06:16.073 [main] INFO  testCases.TC_001_AccountRegistrationTest - Clicked on MyAccount Link
11:06:16.685 [main] INFO  testCases.TC_001_AccountRegistrationTest - Clicked on Clicked on Register Link
11:06:16.687 [main] INFO  testCases.TC_001_AccountRegistrationTest - Providing Customer Details
11:06:17.968 [main] INFO  testCases.TC_001_AccountRegistrationTest - Validating expected message....
11:06:18.042 [main] INFO  testCases.TC_001_AccountRegistrationTest - ***** Finished TC_001_AccountRegistrationTest *****
11:06:21.388 [main] INFO  testCases.TC_002_LoginTest - *********Starting TC_002_LoginTets*********
11:06:23.087 [main] INFO  testCases.TC_002_LoginTest - *****Finished TC_002_LoginTest******
11:09:13.801 [main] DEBUG org.testng.TestNG - suiteXmlPath: "C:\Users\gnane\eclipse-workspace\FrameWorkDesign\Grouping.xml"
11:09:14.130 [main] INFO  org.testng.internal.Utils - [TestNG] Running:
  C:\Users\gnane\eclipse-workspace\FrameWorkDesign\Grouping.xml

11:10:03.983 [main] DEBUG org.testng.TestNG - suiteXmlPath: "C:\Users\gnane\eclipse-workspace\FrameWorkDesign\Grouping.xml"
11:10:04.284 [main] INFO  org.testng.internal.Utils - [TestNG] Running:
  C:\Users\gnane\eclipse-workspace\FrameWorkDesign\Grouping.xml

11:10:07.911 [main] INFO  testCases.TC_002_LoginTest - *********Starting TC_002_LoginTets*********
11:10:09.307 [main] INFO  testCases.TC_002_LoginTest - *****Finished TC_002_LoginTest******
13:28:52.648 [main] DEBUG org.testng.TestNG - suiteXmlPath: "C:\Users\gnane\eclipse-workspace\FrameWorkDesign\Grouping.xml"
13:28:53.006 [main] INFO  org.testng.internal.Utils - [TestNG] Running:
  C:\Users\gnane\eclipse-workspace\FrameWorkDesign\Grouping.xml

13:28:58.953 [main] INFO  testCases.TC_001_AccountRegistrationTest - ***** Starting TC_001_AccountRegistrationTest *****
13:28:59.036 [main] INFO  testCases.TC_001_AccountRegistrationTest - Clicked on MyAccount Link
13:29:00.031 [main] INFO  testCases.TC_001_AccountRegistrationTest - Clicked on Clicked on Register Link
13:29:00.033 [main] INFO  testCases.TC_001_AccountRegistrationTest - Providing Customer Details
13:29:01.519 [main] INFO  testCases.TC_001_AccountRegistrationTest - Validating expected message....
13:29:01.561 [main] INFO  testCases.TC_001_AccountRegistrationTest - ***** Finished TC_001_AccountRegistrationTest *****
13:29:07.776 [main] INFO  testCases.TC_002_LoginTest - *********Starting TC_002_LoginTets*********
13:29:10.998 [main] INFO  testCases.TC_002_LoginTest - *****Finished TC_002_LoginTest******
13:31:35.774 [main] DEBUG org.testng.TestNG - suiteXmlPath: "C:\Users\gnane\eclipse-workspace\FrameWorkDesign\Grouping.xml"
13:31:36.172 [main] INFO  org.testng.internal.Utils - [TestNG] Running:
  C:\Users\gnane\eclipse-workspace\FrameWorkDesign\Grouping.xml

13:31:41.121 [main] INFO  testCases.TC_001_AccountRegistrationTest - ***** Starting TC_001_AccountRegistrationTest *****
13:31:41.201 [main] INFO  testCases.TC_001_AccountRegistrationTest - Clicked on MyAccount Link
13:31:42.509 [main] INFO  testCases.TC_001_AccountRegistrationTest - Clicked on Clicked on Register Link
13:31:42.511 [main] INFO  testCases.TC_001_AccountRegistrationTest - Providing Customer Details
13:31:43.942 [main] INFO  testCases.TC_001_AccountRegistrationTest - Validating expected message....
13:31:43.979 [main] INFO  testCases.TC_001_AccountRegistrationTest - ***** Finished TC_001_AccountRegistrationTest *****
13:31:50.660 [main] INFO  testCases.TC_002_LoginTest - *********Starting TC_002_LoginTets*********
13:40:28.269 [main] DEBUG org.testng.TestNG - suiteXmlPath: "C:\Users\gnane\eclipse-workspace\FrameWorkDesign\Master.xml"
13:40:28.702 [main] INFO  org.testng.internal.Utils - [TestNG] Running:
  C:\Users\gnane\eclipse-workspace\FrameWorkDesign\Master.xml

13:40:32.963 [main] INFO  testCases.TC_001_AccountRegistrationTest - ***** Starting TC_001_AccountRegistrationTest *****
13:40:33.058 [main] INFO  testCases.TC_001_AccountRegistrationTest - Clicked on MyAccount Link
13:40:33.735 [main] INFO  testCases.TC_001_AccountRegistrationTest - Clicked on Clicked on Register Link
13:40:33.740 [main] INFO  testCases.TC_001_AccountRegistrationTest - Providing Customer Details
13:40:35.156 [main] INFO  testCases.TC_001_AccountRegistrationTest - Validating expected message....
13:40:35.202 [main] INFO  testCases.TC_001_AccountRegistrationTest - ***** Finished TC_001_AccountRegistrationTest *****
13:40:39.447 [main] INFO  testCases.TC_002_LoginTest - *********Starting TC_002_LoginTets*********
14:21:39.742 [main] DEBUG org.testng.TestNG - suiteXmlPath: "C:\Users\gnane\eclipse-workspace\FrameWorkDesign\test-output\testng-failed.xml"
14:21:40.095 [main] INFO  org.testng.internal.Utils - [TestNG] Running:
  C:\Users\gnane\eclipse-workspace\FrameWorkDesign\test-output\testng-failed.xml

14:21:46.043 [main] INFO  testCases.TC_002_LoginTest - *********Starting TC_002_LoginTets*********
14:21:48.000 [main] INFO  testCases.TC_002_LoginTest - *****Finished TC_002_LoginTest******
14:24:55.235 [main] DEBUG org.testng.TestNG - suiteXmlPath: "C:\Users\gnane\eclipse-workspace\FrameWorkDesign\Master.xml"
14:24:55.591 [main] INFO  org.testng.internal.Utils - [TestNG] Running:
  C:\Users\gnane\eclipse-workspace\FrameWorkDesign\Master.xml

14:25:01.469 [main] INFO  testCases.TC_001_AccountRegistrationTest - ***** Starting TC_001_AccountRegistrationTest *****
14:25:01.555 [main] INFO  testCases.TC_001_AccountRegistrationTest - Clicked on MyAccount Link
14:25:02.703 [main] INFO  testCases.TC_001_AccountRegistrationTest - Clicked on Clicked on Register Link
14:25:02.705 [main] INFO  testCases.TC_001_AccountRegistrationTest - Providing Customer Details
14:25:04.986 [main] INFO  testCases.TC_001_AccountRegistrationTest - Validating expected message....
14:25:05.047 [main] ERROR testCases.TC_001_AccountRegistrationTest - Test Failed.....
14:25:05.048 [main] DEBUG testCases.TC_001_AccountRegistrationTest - Debug logs....
14:25:10.393 [main] INFO  testCases.TC_002_LoginTest - *********Starting TC_002_LoginTets*********
14:25:12.456 [main] INFO  testCases.TC_002_LoginTest - *****Finished TC_002_LoginTest******
14:27:29.278 [main] DEBUG org.testng.TestNG - suiteXmlPath: "C:\Users\gnane\eclipse-workspace\FrameWorkDesign\test-output\testng-failed.xml"
14:27:29.641 [main] INFO  org.testng.internal.Utils - [TestNG] Running:
  C:\Users\gnane\eclipse-workspace\FrameWorkDesign\test-output\testng-failed.xml

14:27:34.106 [main] INFO  testCases.TC_001_AccountRegistrationTest - ***** Starting TC_001_AccountRegistrationTest *****
14:27:34.222 [main] INFO  testCases.TC_001_AccountRegistrationTest - Clicked on MyAccount Link
14:27:36.582 [main] INFO  testCases.TC_001_AccountRegistrationTest - Clicked on Clicked on Register Link
14:27:36.583 [main] INFO  testCases.TC_001_AccountRegistrationTest - Providing Customer Details
14:27:37.886 [main] INFO  testCases.TC_001_AccountRegistrationTest - Validating expected message....
14:27:37.918 [main] INFO  testCases.TC_001_AccountRegistrationTest - ***** Finished TC_001_AccountRegistrationTest *****
15:48:24.122 [main] DEBUG org.testng.TestNG - suiteXmlPath: "C:\Users\gnane\eclipse-workspace\FrameWorkDesign\Master.xml"
15:48:24.560 [main] INFO  org.testng.internal.Utils - [TestNG] Running:
  C:\Users\gnane\eclipse-workspace\FrameWorkDesign\Master.xml

15:49:38.745 [main] DEBUG org.testng.TestNG - suiteXmlPath: "C:\Users\gnane\eclipse-workspace\FrameWorkDesign\Master.xml"
15:49:39.046 [main] INFO  org.testng.internal.Utils - [TestNG] Running:
  C:\Users\gnane\eclipse-workspace\FrameWorkDesign\Master.xml

15:49:44.858 [main] INFO  testCases.TC_001_AccountRegistrationTest - ***** Starting TC_001_AccountRegistrationTest *****
15:49:44.955 [main] INFO  testCases.TC_001_AccountRegistrationTest - Clicked on MyAccount Link
15:49:45.545 [main] INFO  testCases.TC_001_AccountRegistrationTest - Clicked on Clicked on Register Link
15:49:45.548 [main] INFO  testCases.TC_001_AccountRegistrationTest - Providing Customer Details
15:49:46.838 [main] INFO  testCases.TC_001_AccountRegistrationTest - Validating expected message....
15:49:46.893 [main] INFO  testCases.TC_001_AccountRegistrationTest - ***** Finished TC_001_AccountRegistrationTest *****
15:49:50.575 [main] INFO  testCases.TC_002_LoginTest - *********Starting TC_002_LoginTets*********
15:49:52.117 [main] INFO  testCases.TC_002_LoginTest - *****Finished TC_002_LoginTest******
15:52:11.101 [main] DEBUG org.testng.TestNG - suiteXmlPath: "C:\Users\gnane\eclipse-workspace\FrameWorkDesign\Master.xml"
15:52:11.423 [main] INFO  org.testng.internal.Utils - [TestNG] Running:
  C:\Users\gnane\eclipse-workspace\FrameWorkDesign\Master.xml

15:52:48.383 [main] DEBUG org.testng.TestNG - suiteXmlPath: "C:\Users\gnane\eclipse-workspace\FrameWorkDesign\Master.xml"
15:52:48.803 [main] INFO  org.testng.internal.Utils - [TestNG] Running:
  C:\Users\gnane\eclipse-workspace\FrameWorkDesign\Master.xml

15:52:55.852 [main] INFO  testCases.TC_001_AccountRegistrationTest - ***** Starting TC_001_AccountRegistrationTest *****
15:52:55.985 [main] INFO  testCases.TC_001_AccountRegistrationTest - Clicked on MyAccount Link
15:52:56.727 [main] INFO  testCases.TC_001_AccountRegistrationTest - Clicked on Clicked on Register Link
15:52:56.728 [main] INFO  testCases.TC_001_AccountRegistrationTest - Providing Customer Details
15:52:58.444 [main] INFO  testCases.TC_001_AccountRegistrationTest - Validating expected message....
15:52:58.492 [main] INFO  testCases.TC_001_AccountRegistrationTest - ***** Finished TC_001_AccountRegistrationTest *****
15:53:03.084 [main] INFO  testCases.TC_002_LoginTest - *********Starting TC_002_LoginTets*********
15:53:06.063 [main] INFO  testCases.TC_002_LoginTest - *****Finished TC_002_LoginTest******
15:54:52.787 [main] DEBUG org.testng.TestNG - suiteXmlPath: "C:\Users\gnane\eclipse-workspace\FrameWorkDesign\CrossBrowserTesting.xml"
15:54:53.179 [main] INFO  org.testng.internal.Utils - [TestNG] Running:
  C:\Users\gnane\eclipse-workspace\FrameWorkDesign\CrossBrowserTesting.xml

15:54:53.446 [TestNG-tests-3] INFO  testCases.TC_001_AccountRegistrationTest - ***** Starting TC_001_AccountRegistrationTest *****
15:54:58.790 [TestNG-tests-1] INFO  testCases.TC_001_AccountRegistrationTest - ***** Starting TC_001_AccountRegistrationTest *****
15:54:58.883 [TestNG-tests-1] INFO  testCases.TC_001_AccountRegistrationTest - Clicked on MyAccount Link
15:55:01.066 [TestNG-tests-1] INFO  testCases.TC_001_AccountRegistrationTest - Clicked on Clicked on Register Link
15:55:01.069 [TestNG-tests-1] INFO  testCases.TC_001_AccountRegistrationTest - Providing Customer Details
15:55:02.768 [TestNG-tests-1] INFO  testCases.TC_001_AccountRegistrationTest - Validating expected message....
15:55:02.840 [TestNG-tests-1] INFO  testCases.TC_001_AccountRegistrationTest - ***** Finished TC_001_AccountRegistrationTest *****
15:58:33.563 [main] DEBUG org.testng.TestNG - suiteXmlPath: "C:\Users\gnane\eclipse-workspace\FrameWorkDesign\Master.xml"
15:58:33.850 [main] INFO  org.testng.internal.Utils - [TestNG] Running:
  C:\Users\gnane\eclipse-workspace\FrameWorkDesign\Master.xml

15:58:37.951 [main] INFO  testCases.TC_001_AccountRegistrationTest - ***** Starting TC_001_AccountRegistrationTest *****
15:58:38.040 [main] INFO  testCases.TC_001_AccountRegistrationTest - Clicked on MyAccount Link
15:58:38.848 [main] INFO  testCases.TC_001_AccountRegistrationTest - Clicked on Clicked on Register Link
15:58:38.849 [main] INFO  testCases.TC_001_AccountRegistrationTest - Providing Customer Details
15:58:40.137 [main] INFO  testCases.TC_001_AccountRegistrationTest - Validating expected message....
15:58:40.193 [main] INFO  testCases.TC_001_AccountRegistrationTest - ***** Finished TC_001_AccountRegistrationTest *****
15:58:43.514 [main] INFO  testCases.TC_002_LoginTest - *********Starting TC_002_LoginTets*********
15:58:45.010 [main] INFO  testCases.TC_002_LoginTest - *****Finished TC_002_LoginTest******
15:59:13.484 [main] DEBUG org.testng.TestNG - suiteXmlPath: "C:\Users\gnane\eclipse-workspace\FrameWorkDesign\CrossBrowserTesting.xml"
15:59:13.795 [main] INFO  org.testng.internal.Utils - [TestNG] Running:
  C:\Users\gnane\eclipse-workspace\FrameWorkDesign\CrossBrowserTesting.xml

15:59:14.064 [TestNG-tests-3] INFO  testCases.TC_001_AccountRegistrationTest - ***** Starting TC_001_AccountRegistrationTest *****
15:59:14.065 [TestNG-tests-2] INFO  testCases.TC_001_AccountRegistrationTest - ***** Starting TC_001_AccountRegistrationTest *****
15:59:18.567 [TestNG-tests-1] INFO  testCases.TC_001_AccountRegistrationTest - ***** Starting TC_001_AccountRegistrationTest *****
15:59:18.939 [TestNG-tests-1] INFO  testCases.TC_001_AccountRegistrationTest - Clicked on MyAccount Link
15:59:19.793 [TestNG-tests-1] INFO  testCases.TC_001_AccountRegistrationTest - Clicked on Clicked on Register Link
15:59:19.796 [TestNG-tests-1] INFO  testCases.TC_001_AccountRegistrationTest - Providing Customer Details
15:59:22.065 [TestNG-tests-1] INFO  testCases.TC_001_AccountRegistrationTest - Validating expected message....
15:59:22.121 [TestNG-tests-1] INFO  testCases.TC_001_AccountRegistrationTest - ***** Finished TC_001_AccountRegistrationTest *****
16:01:59.370 [main] DEBUG org.testng.TestNG - suiteXmlPath: "C:\Users\gnane\eclipse-workspace\FrameWorkDesign\CrossBrowserTesting.xml"
16:01:59.664 [main] INFO  org.testng.internal.Utils - [TestNG] Running:
  C:\Users\gnane\eclipse-workspace\FrameWorkDesign\CrossBrowserTesting.xml

16:01:59.896 [TestNG-tests-2] INFO  testCases.TC_001_AccountRegistrationTest - ***** Starting TC_001_AccountRegistrationTest *****
16:01:59.897 [TestNG-tests-3] INFO  testCases.TC_001_AccountRegistrationTest - ***** Starting TC_001_AccountRegistrationTest *****
16:02:04.012 [TestNG-tests-1] INFO  testCases.TC_001_AccountRegistrationTest - ***** Starting TC_001_AccountRegistrationTest *****
16:02:04.101 [TestNG-tests-1] INFO  testCases.TC_001_AccountRegistrationTest - Clicked on MyAccount Link
16:02:04.734 [TestNG-tests-1] INFO  testCases.TC_001_AccountRegistrationTest - Clicked on Clicked on Register Link
16:02:04.737 [TestNG-tests-1] INFO  testCases.TC_001_AccountRegistrationTest - Providing Customer Details
16:02:06.069 [TestNG-tests-1] INFO  testCases.TC_001_AccountRegistrationTest - Validating expected message....
16:02:06.122 [TestNG-tests-1] INFO  testCases.TC_001_AccountRegistrationTest - ***** Finished TC_001_AccountRegistrationTest *****
16:15:03.449 [main] DEBUG org.testng.TestNG - suiteXmlPath: "C:\Users\gnane\eclipse-workspace\FrameWorkDesign\CrossBrowserTesting.xml"
16:15:03.737 [main] INFO  org.testng.internal.Utils - [TestNG] Running:
  C:\Users\gnane\eclipse-workspace\FrameWorkDesign\CrossBrowserTesting.xml

16:15:07.960 [TestNG-tests-2] INFO  testCases.TC_001_AccountRegistrationTest - ***** Starting TC_001_AccountRegistrationTest *****
16:15:07.982 [TestNG-tests-1] INFO  testCases.TC_001_AccountRegistrationTest - ***** Starting TC_001_AccountRegistrationTest *****
16:15:08.080 [TestNG-tests-1] INFO  testCases.TC_001_AccountRegistrationTest - Clicked on MyAccount Link
16:15:08.114 [TestNG-tests-2] INFO  testCases.TC_001_AccountRegistrationTest - Clicked on MyAccount Link
16:34:14.460 [main] DEBUG org.testng.TestNG - suiteXmlPath: "C:\Users\gnane\eclipse-workspace\FrameWorkDesign\CrossBrowserTesting.xml"
16:34:14.755 [main] INFO  org.testng.internal.Utils - [TestNG] Running:
  C:\Users\gnane\eclipse-workspace\FrameWorkDesign\CrossBrowserTesting.xml

16:34:18.785 [TestNG-tests-1] INFO  testCases.TC_001_AccountRegistrationTest - ***** Starting TC_001_AccountRegistrationTest *****
16:34:18.787 [TestNG-tests-2] INFO  testCases.TC_001_AccountRegistrationTest - ***** Starting TC_001_AccountRegistrationTest *****
16:34:18.911 [TestNG-tests-2] INFO  testCases.TC_001_AccountRegistrationTest - Clicked on MyAccount Link
16:34:18.965 [TestNG-tests-1] INFO  testCases.TC_001_AccountRegistrationTest - Clicked on MyAccount Link
16:34:34.993 [TestNG-tests-1] INFO  testCases.TC_001_AccountRegistrationTest - Clicked on Clicked on Register Link
16:34:35.003 [TestNG-tests-1] INFO  testCases.TC_001_AccountRegistrationTest - Providing Customer Details
16:37:05.340 [main] DEBUG org.testng.TestNG - suiteXmlPath: "C:\Users\gnane\eclipse-workspace\FrameWorkDesign\CrossBrowserTesting.xml"
16:37:05.643 [main] INFO  org.testng.internal.Utils - [TestNG] Running:
  C:\Users\gnane\eclipse-workspace\FrameWorkDesign\CrossBrowserTesting.xml

16:37:10.580 [TestNG-tests-1] INFO  testCases.TC_001_AccountRegistrationTest - ***** Starting TC_001_AccountRegistrationTest *****
16:37:10.580 [TestNG-tests-2] INFO  testCases.TC_001_AccountRegistrationTest - ***** Starting TC_001_AccountRegistrationTest *****
16:37:10.793 [TestNG-tests-1] INFO  testCases.TC_001_AccountRegistrationTest - Clicked on MyAccount Link
16:37:10.849 [TestNG-tests-2] INFO  testCases.TC_001_AccountRegistrationTest - Clicked on MyAccount Link
16:37:13.355 [TestNG-tests-3] INFO  testCases.TC_001_AccountRegistrationTest - ***** Starting TC_001_AccountRegistrationTest *****
16:37:13.769 [TestNG-tests-3] INFO  testCases.TC_001_AccountRegistrationTest - Clicked on MyAccount Link
16:37:14.653 [TestNG-tests-3] INFO  testCases.TC_001_AccountRegistrationTest - Clicked on Clicked on Register Link
16:37:14.660 [TestNG-tests-3] INFO  testCases.TC_001_AccountRegistrationTest - Providing Customer Details
16:37:16.195 [TestNG-tests-3] INFO  testCases.TC_001_AccountRegistrationTest - Validating expected message....
16:37:16.223 [TestNG-tests-3] INFO  testCases.TC_001_AccountRegistrationTest - ***** Finished TC_001_AccountRegistrationTest *****
16:39:26.102 [main] DEBUG org.testng.TestNG - suiteXmlPath: "C:\Users\gnane\eclipse-workspace\FrameWorkDesign\Master.xml"
16:39:26.401 [main] INFO  org.testng.internal.Utils - [TestNG] Running:
  C:\Users\gnane\eclipse-workspace\FrameWorkDesign\Master.xml

16:39:30.531 [main] INFO  testCases.TC_001_AccountRegistrationTest - ***** Starting TC_001_AccountRegistrationTest *****
16:39:30.609 [main] INFO  testCases.TC_001_AccountRegistrationTest - Clicked on MyAccount Link
16:39:31.234 [main] INFO  testCases.TC_001_AccountRegistrationTest - Clicked on Clicked on Register Link
16:39:31.236 [main] INFO  testCases.TC_001_AccountRegistrationTest - Providing Customer Details
16:39:32.577 [main] INFO  testCases.TC_001_AccountRegistrationTest - Validating expected message....
16:39:32.616 [main] INFO  testCases.TC_001_AccountRegistrationTest - ***** Finished TC_001_AccountRegistrationTest *****
16:39:35.711 [main] INFO  testCases.TC_002_LoginTest - *********Starting TC_002_LoginTets*********
16:39:37.085 [main] INFO  testCases.TC_002_LoginTest - *****Finished TC_002_LoginTest******
16:41:16.058 [main] DEBUG org.testng.TestNG - suiteXmlPath: "C:\Users\gnane\eclipse-workspace\FrameWorkDesign\CrossBrowserTesting.xml"
16:41:16.350 [main] INFO  org.testng.internal.Utils - [TestNG] Running:
  C:\Users\gnane\eclipse-workspace\FrameWorkDesign\CrossBrowserTesting.xml

16:41:24.091 [TestNG-tests-3] INFO  testCases.TC_001_AccountRegistrationTest - ***** Starting TC_001_AccountRegistrationTest *****
16:41:24.093 [TestNG-tests-1] INFO  testCases.TC_001_AccountRegistrationTest - ***** Starting TC_001_AccountRegistrationTest *****
16:41:24.511 [TestNG-tests-3] INFO  testCases.TC_001_AccountRegistrationTest - Clicked on MyAccount Link
16:41:24.728 [TestNG-tests-1] INFO  testCases.TC_001_AccountRegistrationTest - Clicked on MyAccount Link
16:43:40.212 [main] DEBUG org.testng.TestNG - suiteXmlPath: "C:\Users\gnane\eclipse-workspace\FrameWorkDesign\CrossBrowserTesting.xml"
16:43:40.504 [main] INFO  org.testng.internal.Utils - [TestNG] Running:
  C:\Users\gnane\eclipse-workspace\FrameWorkDesign\CrossBrowserTesting.xml

16:43:46.568 [TestNG-tests-1] INFO  testCases.TC_001_AccountRegistrationTest - ***** Starting TC_001_AccountRegistrationTest *****
16:43:49.224 [TestNG-tests-2] INFO  testCases.TC_001_AccountRegistrationTest - ***** Starting TC_001_AccountRegistrationTest *****
16:43:49.332 [TestNG-tests-3] INFO  testCases.TC_001_AccountRegistrationTest - ***** Starting TC_001_AccountRegistrationTest *****
16:43:49.679 [TestNG-tests-2] INFO  testCases.TC_001_AccountRegistrationTest - Clicked on MyAccount Link
16:43:49.908 [TestNG-tests-1] INFO  testCases.TC_001_AccountRegistrationTest - Clicked on MyAccount Link
16:43:50.186 [TestNG-tests-3] INFO  testCases.TC_001_AccountRegistrationTest - Clicked on MyAccount Link
16:43:51.053 [TestNG-tests-2] INFO  testCases.TC_001_AccountRegistrationTest - Clicked on Clicked on Register Link
16:43:51.058 [TestNG-tests-2] INFO  testCases.TC_001_AccountRegistrationTest - Providing Customer Details
16:47:29.695 [main] DEBUG org.testng.TestNG - suiteXmlPath: "C:\Users\gnane\eclipse-workspace\FrameWorkDesign\CrossBrowserTesting.xml"
16:47:30.010 [main] INFO  org.testng.internal.Utils - [TestNG] Running:
  C:\Users\gnane\eclipse-workspace\FrameWorkDesign\CrossBrowserTesting.xml

16:47:34.229 [TestNG-tests-1] INFO  testCases.TC_001_AccountRegistrationTest - ***** Starting TC_001_AccountRegistrationTest *****
16:47:37.293 [TestNG-tests-2] INFO  testCases.TC_001_AccountRegistrationTest - ***** Starting TC_001_AccountRegistrationTest *****
16:47:37.300 [TestNG-tests-3] INFO  testCases.TC_001_AccountRegistrationTest - ***** Starting TC_001_AccountRegistrationTest *****
16:47:37.658 [TestNG-tests-2] INFO  testCases.TC_001_AccountRegistrationTest - Clicked on MyAccount Link
16:47:37.893 [TestNG-tests-3] INFO  testCases.TC_001_AccountRegistrationTest - Clicked on MyAccount Link
16:57:33.256 [main] DEBUG org.testng.TestNG - suiteXmlPath: "C:\Users\gnane\eclipse-workspace\FrameWorkDesign\CrossBrowserTesting.xml"
16:57:33.535 [main] INFO  org.testng.internal.Utils - [TestNG] Running:
  C:\Users\gnane\eclipse-workspace\FrameWorkDesign\CrossBrowserTesting.xml

16:57:40.550 [TestNG-tests-1] INFO  testCases.TC_001_AccountRegistrationTest - ***** Starting TC001_AccountRegistrationTest  ****
16:57:40.550 [TestNG-tests-1] DEBUG testCases.TC_001_AccountRegistrationTest - This is a debug log message
16:57:40.550 [TestNG-tests-2] INFO  testCases.TC_001_AccountRegistrationTest - ***** Starting TC001_AccountRegistrationTest  ****
16:57:40.551 [TestNG-tests-2] DEBUG testCases.TC_001_AccountRegistrationTest - This is a debug log message
16:57:40.670 [TestNG-tests-2] INFO  testCases.TC_001_AccountRegistrationTest - Clicked on MyAccount Link.. 
16:57:40.708 [TestNG-tests-1] INFO  testCases.TC_001_AccountRegistrationTest - Clicked on MyAccount Link.. 
16:57:50.790 [TestNG-tests-2] ERROR testCases.TC_001_AccountRegistrationTest - Test failed: element not interactable
  (Session info: MicrosoftEdge=126.0.2592.87)
Build info: version: '4.22.0', revision: 'c5f3146703*'
System info: os.name: 'Windows 11', os.arch: 'amd64', os.version: '10.0', java.version: '17.0.9'
Driver info: org.openqa.selenium.edge.EdgeDriver
Command: [68ade4990142c8ef7c948bc32df909b0, clickElement {id=f.5A14D2AED4E257C039547ADD89B4B9EA.d.594AF0BDE760EA0D02BA2D84FC9512F6.e.88}]
Capabilities {acceptInsecureCerts: false, browserName: MicrosoftEdge, browserVersion: 126.0.2592.87, fedcm:accounts: true, ms:edgeOptions: {debuggerAddress: localhost:50442}, msedge: {msedgedriverVersion: 126.0.2592.87 (883b9421f9ba..., userDataDir: C:\Users\gnane\AppData\Loca...}, networkConnectionEnabled: false, pageLoadStrategy: normal, platformName: windows, proxy: Proxy(), se:cdp: ws://localhost:50442/devtoo..., se:cdpVersion: 126.0.2592.87, setWindowRect: true, strictFileInteractability: false, timeouts: {implicit: 0, pageLoad: 300000, script: 30000}, unhandledPromptBehavior: dismiss and notify, webauthn:extension:credBlob: true, webauthn:extension:largeBlob: true, webauthn:extension:minPinLength: true, webauthn:extension:prf: true, webauthn:virtualAuthenticators: true}
Element: [[EdgeDriver: MicrosoftEdge on windows (68ade4990142c8ef7c948bc32df909b0)] -> xpath: //a[normalize-space()='Register']]
Session ID: 68ade4990142c8ef7c948bc32df909b0
16:57:50.799 [TestNG-tests-2] INFO  testCases.TC_001_AccountRegistrationTest - ***** Finished TC001_AccountRegistrationTest *****
16:58:00.808 [TestNG-tests-1] ERROR testCases.TC_001_AccountRegistrationTest - Test failed: element not interactable
  (Session info: MicrosoftEdge=126.0.2592.87)
Build info: version: '4.22.0', revision: 'c5f3146703*'
System info: os.name: 'Windows 11', os.arch: 'amd64', os.version: '10.0', java.version: '17.0.9'
Driver info: org.openqa.selenium.edge.EdgeDriver
Command: [68ade4990142c8ef7c948bc32df909b0, clickElement {id=f.5A14D2AED4E257C039547ADD89B4B9EA.d.594AF0BDE760EA0D02BA2D84FC9512F6.e.88}]
Capabilities {acceptInsecureCerts: false, browserName: MicrosoftEdge, browserVersion: 126.0.2592.87, fedcm:accounts: true, ms:edgeOptions: {debuggerAddress: localhost:50442}, msedge: {msedgedriverVersion: 126.0.2592.87 (883b9421f9ba..., userDataDir: C:\Users\gnane\AppData\Loca...}, networkConnectionEnabled: false, pageLoadStrategy: normal, platformName: windows, proxy: Proxy(), se:cdp: ws://localhost:50442/devtoo..., se:cdpVersion: 126.0.2592.87, setWindowRect: true, strictFileInteractability: false, timeouts: {implicit: 0, pageLoad: 300000, script: 30000}, unhandledPromptBehavior: dismiss and notify, webauthn:extension:credBlob: true, webauthn:extension:largeBlob: true, webauthn:extension:minPinLength: true, webauthn:extension:prf: true, webauthn:virtualAuthenticators: true}
Element: [[EdgeDriver: MicrosoftEdge on windows (68ade4990142c8ef7c948bc32df909b0)] -> xpath: //a[normalize-space()='Register']]
Session ID: 68ade4990142c8ef7c948bc32df909b0
16:58:00.808 [TestNG-tests-1] INFO  testCases.TC_001_AccountRegistrationTest - ***** Finished TC001_AccountRegistrationTest *****
17:00:21.899 [main] DEBUG org.testng.TestNG - suiteXmlPath: "C:\Users\gnane\eclipse-workspace\FrameWorkDesign\CrossBrowserTesting.xml"
17:00:22.197 [main] INFO  org.testng.internal.Utils - [TestNG] Running:
  C:\Users\gnane\eclipse-workspace\FrameWorkDesign\CrossBrowserTesting.xml

17:00:27.419 [TestNG-tests-1] INFO  testCases.TC_001_AccountRegistrationTest - ***** Starting TC001_AccountRegistrationTest  ****
17:00:27.420 [TestNG-tests-1] DEBUG testCases.TC_001_AccountRegistrationTest - This is a debug log message
17:00:27.462 [TestNG-tests-2] INFO  testCases.TC_001_AccountRegistrationTest - ***** Starting TC001_AccountRegistrationTest  ****
17:00:27.462 [TestNG-tests-2] DEBUG testCases.TC_001_AccountRegistrationTest - This is a debug log message
17:00:27.533 [TestNG-tests-1] INFO  testCases.TC_001_AccountRegistrationTest - Clicked on MyAccount Link.. 
17:00:27.562 [TestNG-tests-2] INFO  testCases.TC_001_AccountRegistrationTest - Clicked on MyAccount Link.. 
17:00:37.642 [TestNG-tests-1] ERROR testCases.TC_001_AccountRegistrationTest - Test failed: element not interactable
  (Session info: MicrosoftEdge=126.0.2592.87)
Build info: version: '4.22.0', revision: 'c5f3146703*'
System info: os.name: 'Windows 11', os.arch: 'amd64', os.version: '10.0', java.version: '17.0.9'
Driver info: org.openqa.selenium.edge.EdgeDriver
Command: [2cc7435e8e57ce1b9bb4336e50b62b25, clickElement {id=f.9F5D10012198B52CDE7708D6C1941957.d.D4654706F2BFCB276DCE2CB0B9FF0FEC.e.76}]
Capabilities {acceptInsecureCerts: false, browserName: MicrosoftEdge, browserVersion: 126.0.2592.87, fedcm:accounts: true, ms:edgeOptions: {debuggerAddress: localhost:50628}, msedge: {msedgedriverVersion: 126.0.2592.87 (883b9421f9ba..., userDataDir: C:\Users\gnane\AppData\Loca...}, networkConnectionEnabled: false, pageLoadStrategy: normal, platformName: windows, proxy: Proxy(), se:cdp: ws://localhost:50628/devtoo..., se:cdpVersion: 126.0.2592.87, setWindowRect: true, strictFileInteractability: false, timeouts: {implicit: 0, pageLoad: 300000, script: 30000}, unhandledPromptBehavior: dismiss and notify, webauthn:extension:credBlob: true, webauthn:extension:largeBlob: true, webauthn:extension:minPinLength: true, webauthn:extension:prf: true, webauthn:virtualAuthenticators: true}
Element: [[EdgeDriver: MicrosoftEdge on windows (2cc7435e8e57ce1b9bb4336e50b62b25)] -> xpath: //a[normalize-space()='Register']]
Session ID: 2cc7435e8e57ce1b9bb4336e50b62b25
17:00:37.646 [TestNG-tests-1] INFO  testCases.TC_001_AccountRegistrationTest - ***** Finished TC001_AccountRegistrationTest *****
17:00:47.706 [TestNG-tests-2] ERROR testCases.TC_001_AccountRegistrationTest - Test failed: element not interactable
  (Session info: MicrosoftEdge=126.0.2592.87)
Build info: version: '4.22.0', revision: 'c5f3146703*'
System info: os.name: 'Windows 11', os.arch: 'amd64', os.version: '10.0', java.version: '17.0.9'
Driver info: org.openqa.selenium.edge.EdgeDriver
Command: [2cc7435e8e57ce1b9bb4336e50b62b25, clickElement {id=f.9F5D10012198B52CDE7708D6C1941957.d.D4654706F2BFCB276DCE2CB0B9FF0FEC.e.76}]
Capabilities {acceptInsecureCerts: false, browserName: MicrosoftEdge, browserVersion: 126.0.2592.87, fedcm:accounts: true, ms:edgeOptions: {debuggerAddress: localhost:50628}, msedge: {msedgedriverVersion: 126.0.2592.87 (883b9421f9ba..., userDataDir: C:\Users\gnane\AppData\Loca...}, networkConnectionEnabled: false, pageLoadStrategy: normal, platformName: windows, proxy: Proxy(), se:cdp: ws://localhost:50628/devtoo..., se:cdpVersion: 126.0.2592.87, setWindowRect: true, strictFileInteractability: false, timeouts: {implicit: 0, pageLoad: 300000, script: 30000}, unhandledPromptBehavior: dismiss and notify, webauthn:extension:credBlob: true, webauthn:extension:largeBlob: true, webauthn:extension:minPinLength: true, webauthn:extension:prf: true, webauthn:virtualAuthenticators: true}
Element: [[EdgeDriver: MicrosoftEdge on windows (2cc7435e8e57ce1b9bb4336e50b62b25)] -> xpath: //a[normalize-space()='Register']]
Session ID: 2cc7435e8e57ce1b9bb4336e50b62b25
17:00:47.707 [TestNG-tests-2] INFO  testCases.TC_001_AccountRegistrationTest - ***** Finished TC001_AccountRegistrationTest *****
17:08:22.739 [main] DEBUG org.testng.TestNG - suiteXmlPath: "C:\Users\gnane\eclipse-workspace\FrameWorkDesign\CrossBrowserTesting.xml"
17:08:23.022 [main] INFO  org.testng.internal.Utils - [TestNG] Running:
  C:\Users\gnane\eclipse-workspace\FrameWorkDesign\CrossBrowserTesting.xml

17:08:28.120 [TestNG-tests-1] INFO  testCases.TC_001_AccountRegistrationTest - Strating TC_001_AccountRegistrationtTest
17:08:28.120 [TestNG-tests-2] INFO  testCases.TC_001_AccountRegistrationTest - Strating TC_001_AccountRegistrationtTest
17:08:28.205 [TestNG-tests-2] INFO  testCases.TC_001_AccountRegistrationTest - Clicked on My Account 
17:08:28.238 [TestNG-tests-1] INFO  testCases.TC_001_AccountRegistrationTest - Clicked on My Account 
17:08:43.576 [TestNG-tests-1] INFO  testCases.TC_001_AccountRegistrationTest - Clicked on Register 
17:11:56.071 [main] DEBUG org.testng.TestNG - suiteXmlPath: "C:\Users\gnane\eclipse-workspace\FrameWorkDesign\CrossBrowserTesting.xml"
17:11:56.371 [main] INFO  org.testng.internal.Utils - [TestNG] Running:
  C:\Users\gnane\eclipse-workspace\FrameWorkDesign\CrossBrowserTesting.xml

17:12:01.484 [TestNG-tests-1] INFO  testCases.TC_001_AccountRegistrationTest - Strating TC_001_AccountRegistrationtTest
17:12:01.486 [TestNG-tests-2] INFO  testCases.TC_001_AccountRegistrationTest - Strating TC_001_AccountRegistrationtTest
17:12:01.574 [TestNG-tests-2] INFO  testCases.TC_001_AccountRegistrationTest - Clicked on My Account 
17:12:01.614 [TestNG-tests-1] INFO  testCases.TC_001_AccountRegistrationTest - Clicked on My Account 
17:14:56.263 [main] DEBUG org.testng.TestNG - suiteXmlPath: "C:\Users\gnane\eclipse-workspace\FrameWorkDesign\CrossBrowserTesting.xml"
17:14:56.578 [main] INFO  org.testng.internal.Utils - [TestNG] Running:
  C:\Users\gnane\eclipse-workspace\FrameWorkDesign\CrossBrowserTesting.xml

17:15:01.692 [TestNG-tests-1] INFO  testCases.TC_001_AccountRegistrationTest - Strating TC_001_AccountRegistrationtTest
17:15:01.692 [TestNG-tests-2] INFO  testCases.TC_001_AccountRegistrationTest - Strating TC_001_AccountRegistrationtTest
17:15:03.816 [TestNG-tests-1] INFO  testCases.TC_001_AccountRegistrationTest - Clicked on My Account 
17:15:03.860 [TestNG-tests-2] INFO  testCases.TC_001_AccountRegistrationTest - Clicked on My Account 
17:16:26.688 [main] DEBUG org.testng.TestNG - suiteXmlPath: "C:\Users\gnane\eclipse-workspace\FrameWorkDesign\Master.xml"
17:16:26.982 [main] INFO  org.testng.internal.Utils - [TestNG] Running:
  C:\Users\gnane\eclipse-workspace\FrameWorkDesign\Master.xml

17:16:31.363 [main] INFO  testCases.TC_001_AccountRegistrationTest - Strating TC_001_AccountRegistrationtTest
17:16:33.477 [main] INFO  testCases.TC_001_AccountRegistrationTest - Clicked on My Account 
17:16:34.411 [main] INFO  testCases.TC_001_AccountRegistrationTest - Clicked on Register 
17:16:34.518 [main] INFO  testCases.TC_001_AccountRegistrationTest - Provided First Name 
17:16:34.594 [main] INFO  testCases.TC_001_AccountRegistrationTest - Provided Last Name 
17:16:34.685 [main] INFO  testCases.TC_001_AccountRegistrationTest - Provided Email 
17:16:34.757 [main] INFO  testCases.TC_001_AccountRegistrationTest - Provided Telephone 
17:16:34.833 [main] INFO  testCases.TC_001_AccountRegistrationTest - Provided Password 
17:16:34.908 [main] INFO  testCases.TC_001_AccountRegistrationTest - Provided Confrmed Password 
17:16:34.958 [main] INFO  testCases.TC_001_AccountRegistrationTest - Set Privacy Policy 
17:16:35.740 [main] INFO  testCases.TC_001_AccountRegistrationTest - Clicked on Continue 
17:16:37.814 [main] INFO  testCases.TC_001_AccountRegistrationTest - Finished TC_001_AccountRegistrationtTest
17:16:41.264 [main] INFO  testCases.TC_002_LoginTest - *********Starting TC_002_LoginTets*********
17:16:44.743 [main] INFO  testCases.TC_002_LoginTest - *****Finished TC_002_LoginTest******
17:27:56.795 [main] DEBUG org.testng.TestNG - suiteXmlPath: "C:\Users\gnane\eclipse-workspace\FrameWorkDesign\CrossBrowserTesting.xml"
17:27:57.086 [main] INFO  org.testng.internal.Utils - [TestNG] Running:
  C:\Users\gnane\eclipse-workspace\FrameWorkDesign\CrossBrowserTesting.xml

17:31:47.327 [main] DEBUG org.testng.TestNG - suiteXmlPath: "C:\Users\gnane\eclipse-workspace\FrameWorkDesign\CrossBrowserTesting.xml"
17:31:47.615 [main] INFO  org.testng.internal.Utils - [TestNG] Running:
  C:\Users\gnane\eclipse-workspace\FrameWorkDesign\CrossBrowserTesting.xml

17:33:50.799 [main] DEBUG org.testng.TestNG - suiteXmlPath: "C:\Users\gnane\eclipse-workspace\FrameWorkDesign\CrossBrowserTesting.xml"
17:33:51.088 [main] INFO  org.testng.internal.Utils - [TestNG] Running:
  C:\Users\gnane\eclipse-workspace\FrameWorkDesign\CrossBrowserTesting.xml

17:35:43.912 [main] DEBUG org.testng.TestNG - suiteXmlPath: "C:\Users\gnane\eclipse-workspace\FrameWorkDesign\CrossBrowserTesting.xml"
17:35:44.192 [main] INFO  org.testng.internal.Utils - [TestNG] Running:
  C:\Users\gnane\eclipse-workspace\FrameWorkDesign\CrossBrowserTesting.xml

17:35:49.258 [TestNG-tests-1] INFO  testCases.TC_001_AccountRegistrationTest - ***** Starting TC_001_AccountRegistrationTest *****
17:35:49.259 [TestNG-tests-2] INFO  testCases.TC_001_AccountRegistrationTest - ***** Starting TC_001_AccountRegistrationTest *****
17:35:51.349 [TestNG-tests-1] INFO  testCases.TC_001_AccountRegistrationTest - Clicked on MyAccount Link
17:35:51.390 [TestNG-tests-2] INFO  testCases.TC_001_AccountRegistrationTest - Clicked on MyAccount Link
17:40:47.207 [main] DEBUG org.testng.TestNG - suiteXmlPath: "C:\Users\gnane\eclipse-workspace\FrameWorkDesign\CrossBrowserTesting.xml"
17:40:47.523 [main] INFO  org.testng.internal.Utils - [TestNG] Running:
  C:\Users\gnane\eclipse-workspace\FrameWorkDesign\CrossBrowserTesting.xml

17:40:53.543 [TestNG-tests-2] INFO  testCases.TC_001_AccountRegistrationTest - ***** Starting TC_001_AccountRegistrationTest *****
17:40:53.544 [TestNG-tests-1] INFO  testCases.TC_001_AccountRegistrationTest - ***** Starting TC_001_AccountRegistrationTest *****
17:40:55.753 [TestNG-tests-1] INFO  testCases.TC_001_AccountRegistrationTest - Clicked on MyAccount Link
17:40:55.818 [TestNG-tests-2] INFO  testCases.TC_001_AccountRegistrationTest - Clicked on MyAccount Link
17:44:51.892 [main] DEBUG org.testng.TestNG - suiteXmlPath: "C:\Users\gnane\eclipse-workspace\FrameWorkDesign\CrossBrowserTesting.xml"
17:44:52.243 [main] INFO  org.testng.internal.Utils - [TestNG] Running:
  C:\Users\gnane\eclipse-workspace\FrameWorkDesign\CrossBrowserTesting.xml

17:44:57.374 [TestNG-tests-2] INFO  testCases.TC_001_AccountRegistrationTest - ***** Starting TC_001_AccountRegistrationTest *****
17:44:57.375 [TestNG-tests-1] INFO  testCases.TC_001_AccountRegistrationTest - ***** Starting TC_001_AccountRegistrationTest *****
17:44:57.463 [TestNG-tests-1] INFO  testCases.TC_001_AccountRegistrationTest - Clicked on MyAccount Link
17:44:57.494 [TestNG-tests-2] INFO  testCases.TC_001_AccountRegistrationTest - Clicked on MyAccount Link
17:55:54.976 [main] DEBUG org.testng.TestNG - suiteXmlPath: "C:\Users\gnane\eclipse-workspace\FrameWorkDesign\CrossBrowserTesting.xml"
17:55:55.269 [main] INFO  org.testng.internal.Utils - [TestNG] Running:
  C:\Users\gnane\eclipse-workspace\FrameWorkDesign\CrossBrowserTesting.xml

17:56:00.535 [TestNG-tests-2] INFO  testCases.TC_001_AccountRegistrationTest - ***** Starting TC_001_AccountRegistrationTest *****
17:56:00.535 [TestNG-tests-1] INFO  testCases.TC_001_AccountRegistrationTest - ***** Starting TC_001_AccountRegistrationTest *****
17:56:00.610 [TestNG-tests-2] INFO  testCases.TC_001_AccountRegistrationTest - Clicked on MyAccount Link
17:56:00.616 [TestNG-tests-1] INFO  testCases.TC_001_AccountRegistrationTest - Clicked on MyAccount Link
17:57:33.383 [main] DEBUG org.testng.TestNG - suiteXmlPath: "C:\Users\gnane\eclipse-workspace\FrameWorkDesign\CrossBrowserTesting.xml"
17:57:33.662 [main] INFO  org.testng.internal.Utils - [TestNG] Running:
  C:\Users\gnane\eclipse-workspace\FrameWorkDesign\CrossBrowserTesting.xml

17:57:38.631 [TestNG-tests-2] INFO  testCases.TC_001_AccountRegistrationTest - ***** Starting TC_001_AccountRegistrationTest *****
17:57:38.631 [TestNG-tests-1] INFO  testCases.TC_001_AccountRegistrationTest - ***** Starting TC_001_AccountRegistrationTest *****
17:57:38.700 [TestNG-tests-2] INFO  testCases.TC_001_AccountRegistrationTest - Clicked on MyAccount Link
17:57:38.706 [TestNG-tests-1] INFO  testCases.TC_001_AccountRegistrationTest - Clicked on MyAccount Link
18:00:53.961 [main] DEBUG org.testng.TestNG - suiteXmlPath: "C:\Users\gnane\eclipse-workspace\FrameWorkDesign\Master.xml"
18:00:54.267 [main] INFO  org.testng.internal.Utils - [TestNG] Running:
  C:\Users\gnane\eclipse-workspace\FrameWorkDesign\Master.xml

18:00:57.841 [main] INFO  testCases.TC_001_AccountRegistrationTest - ***** Starting TC_001_AccountRegistrationTest *****
18:00:57.927 [main] INFO  testCases.TC_001_AccountRegistrationTest - Clicked on MyAccount Link
